<?xml version="1.0" encoding="UTF-8"?>
<!-- Generated by org.testng.reporters.JUnitReportReporter -->
<testsuite hostname="MacBook-Air.lan" failures="0" tests="1" name="TestRunner" time="44.482" errors="0" timestamp="2022-03-23T02:35:10 EDT" skipped="0">
  <testcase classname="TestRunner" name="runScenario" time="44.482"/>
  <system-out/>
</testsuite> <!-- TestRunner -->
